Case #1: AB AB
Case #2: A C A B A BC
Case #3: C A CB
Case #4: B A B A BC
Case #5: B C B A B AC
Case #6: A B A B A B A BC
Case #7: A C B C BA
Case #8: A B A B A BC
Case #9: C C A C B C BA
Case #10: A C A C A C AB
Case #11: C A C A C B C BA
Case #12: A A C A B A BC
Case #13: C A C A CB
Case #14: B A B A B A BC
Case #15: B A B A B C B CA
Case #16: B C B C B A B AC
Case #17: AB
Case #18: A C AB
Case #19: AB AB AB
Case #20: A C B C B A B AC
Case #21: A B A B C B CA
Case #22: A C A C A B A BC
Case #23: C A C B C BA
Case #24: C B C B C A C AB
Case #25: B C B C BA
Case #26: A B A BC
Case #27: A C A C AB
Case #28: C B C B C B CA
Case #29: A B A B AC
Case #30: A C A C A CB
Case #31: A CB
Case #32: A C A CB
Case #33: B C B C A C AB
Case #34: B C B CA
Case #35: C B C B CA
Case #36: A C A C A C A CB
Case #37: B C B C B CA
Case #38: A B A B A C A CB
Case #39: AB AB AB AB
Case #40: B C B C B C B CA
Case #41: A C A C B C BA
Case #42: B B C B A B AC
Case #43: A B A B A B AC
Case #44: B C B C B C BA
Case #45: C A C A C A CB
Case #46: B C BA