Case #1: 2
Case #2: 1
Case #3: IMPOSSIBLE
Case #4: 1 2
Case #5: 2 9
Case #6: 2 12
Case #7: 2 198 394 590 786 982 1178 1374 1570 1766 1962 2158 2354 2550 2746 2942 3138 3334 3530 3726 3922 4118 4314 4510 4706 4902 5098 5294 5490 5686 5882 6078 6274 6470 6666 6862 7058 7254 7450 7646 7842 8038 8234 8430 8626 8822 9018 9214 9410
Case #8: 1
Case #9: 2 88 174 260 346 432 518 604 690 776 862 948 1034 1120 1206 1292 1378 1464 1550 1636 1722
Case #10: 1 2 3 4 5 6 7 8 9 10 11 12 13 14 15 16 17 18 19 20 21 22 23 24 25 26 27 28 29 30 31 32 33 34 35 36 37 38 39 40 41 42 43 44 45 46 47 48 49 50 51 52 53 54 55 56 57 58 59 60 61 62 63 64 65 66 67 68 69 70 71 72 73 74 75 76 77 78 79 80 81 82 83 84 85 86 87 88 89 90 91 92 93 94 95 96 97 98 99 100
Case #11: IMPOSSIBLE
Case #12: 1
Case #13: IMPOSSIBLE
Case #14: IMPOSSIBLE
Case #15: IMPOSSIBLE
Case #16: IMPOSSIBLE
Case #17: 1
Case #18: 1
Case #19: IMPOSSIBLE
Case #20: IMPOSSIBLE
Case #21: 1
Case #22: 2 54 106 158 210 262 314 366 418 470 522 574 625
Case #23: 2
Case #24: 2
Case #25: IMPOSSIBLE
Case #26: 2 198 394 590 786 982 1178 1374 1570 1766 1962 2158 2354 2550 2746 2942 3138 3334 3530 3726 3922 4118 4314 4510 4706 4902 5098 5294 5490 5686 5882 6078 6274 6470 6666 6862 7058 7254 7450 7646 7842 8038 8234 8430 8626 8822 9018 9214 9410
Case #27: IMPOSSIBLE
Case #28: 2
Case #29: 2 114 226 338 450 562 674 786 898 1010 1122 1234 1346 1458 1570 1682 1794 1906 2018 2130 2242 2354 2466 2578 2690 2802 2914 3026
Case #30: 2 124 246 368 490 612 734 856 978 1100 1222 1344 1466 1588 1710 1832 1954 2076 2198 2320 2442 2564 2686 2808 2930 3052 3174 3296 3418 3540
Case #31: IMPOSSIBLE
Case #32: 2 9
Case #33: 2
Case #34: IMPOSSIBLE
Case #35: IMPOSSIBLE
Case #36: 2 164 326 488 650 812 974 1136 1298 1460 1622 1784 1946 2108 2270 2432 2594 2756 2918 3080 3242 3404 3566 3728 3890 4052 4214 4376 4538 4700 4862 5024 5186 5348 5510 5672 5834 5996 6158 6320
Case #37: 1
Case #38: 1
Case #39: IMPOSSIBLE
Case #40: IMPOSSIBLE
Case #41: 2
Case #42: 1
Case #43: 1
Case #44: 1
Case #45: IMPOSSIBLE
Case #46: IMPOSSIBLE
Case #47: 1 2 3 4
Case #48: IMPOSSIBLE
Case #49: 1
Case #50: IMPOSSIBLE
Case #51: IMPOSSIBLE
Case #52: IMPOSSIBLE
Case #53: IMPOSSIBLE
Case #54: IMPOSSIBLE
Case #55: IMPOSSIBLE
Case #56: IMPOSSIBLE
Case #57: IMPOSSIBLE
Case #58: IMPOSSIBLE
Case #59: 2 204 406 608 810 1012 1214 1416 1618 1820 2022 2224 2426 2628 2830 3032 3234 3436 3638 3840 4042 4244 4446 4648 4850 5052 5254 5456 5658 5860 6062 6264 6466 6668 6870 7072 7274 7476 7678 7880 8082 8284 8486 8688 8890 9092 9294 9496 9698 9900
Case #60: 2 32 62 92 122 152 182
Case #61: IMPOSSIBLE
Case #62: IMPOSSIBLE
Case #63: 2 62 122 182 242 302 362 422 482 542 602 662 722 782 842
Case #64: IMPOSSIBLE
Case #65: IMPOSSIBLE
Case #66: 2 18 34 50
Case #67: IMPOSSIBLE
Case #68: IMPOSSIBLE
Case #69: 1
Case #70: 1 2 3 4 5 6 7 8 9 10 11 12 13 14 15 16 17 18 19 20 21 22 23 24 25 26 27 28 29 30 31 32 33 34 35 36 37 38 39 40 41 42 43 44 45 46 47 48 49 50 51 52 53 54 55 56 57 58 59 60 61 62 63 64 65 66 67 68 69 70 71 72 73 74 75 76 77 78 79 80 81
Case #71: IMPOSSIBLE
Case #72: 2 68 134 200 266 332 398 464 530 596 662 728 794 860 926 992
Case #73: 2 64 126 188 250 312 374 436 498 560 622 684 746 808 870
Case #74: 1
Case #75: 2 76 150 224 298 372 446 520 594 668 742 816 890 964 1038 1112 1186 1260
Case #76: 1 2 3 4 5 6 7 8 9 10 11 12 13 14 15 16 17 18 19 20 21 22 23 24 25 26 27 28
Case #77: IMPOSSIBLE
Case #78: IMPOSSIBLE
Case #79: 2 78 154 230 306 382 458 534 610 686 762 838 914 990 1066 1142 1218 1294 1370
Case #80: IMPOSSIBLE
Case #81: IMPOSSIBLE
Case #82: IMPOSSIBLE
Case #83: IMPOSSIBLE
Case #84: 1 2 3
Case #85: IMPOSSIBLE
Case #86: IMPOSSIBLE
Case #87: 2 24 46 68 90
Case #88: IMPOSSIBLE
Case #89: IMPOSSIBLE
Case #90: 2 12
Case #91: IMPOSSIBLE
Case #92: 2 20 38 56
Case #93: IMPOSSIBLE
Case #94: 1
Case #95: 2 134 266 398 530 662 794 926 1058 1190 1322 1454 1586 1718 1850 1982 2114 2246 2378 2510 2642 2774 2906 3038 3170 3302 3434 3566 3698 3830 3962 4094 4226
Case #96: IMPOSSIBLE
Case #97: IMPOSSIBLE
Case #98: IMPOSSIBLE
Case #99: IMPOSSIBLE
Case #100: IMPOSSIBLE