Case #1: 2
Case #2: 1
Case #3: 1 2
Case #4: 2 9
Case #5: 2 164 326 488 650 812 974 1136 1298 1460 1622 1784 1946 2108 2270 2432 2594 2756 2918 3080 3242 3404 3566 3728 3890 4052 4214 4376 4538 4700 4862 5024 5186 5348 5510 5672 5834 5996 6158 6320
Case #6: 2 16 30
Case #7: 1 2 3 4 5 6 7 8 9 10 11 12 13 14 15 16 17 18 19 20 21 22 23 24 25 26 27 28 29 30 31 32 33 34 35 36 37 38 39 40 41 42 43 44 45 46 47 48 49 50 51 52 53 54 55 56 57 58 59 60 61 62 63 64 65 66 67 68 69 70 71 72 73 74 75 76 77 78 79 80 81
Case #8: 2 44 86 128 170 212 254 296 338 380
Case #9: 1
Case #10: 2 12
Case #11: 2 28 54 80 106 132
Case #12: 2 44 86 128 170 212 254 296 338 380
Case #13: 2 130 258 386 514 642 770 898 1026 1154 1282 1410 1538 1666 1794 1922 2050 2178 2306 2434 2562 2690 2818 2946 3074 3202 3330 3458 3586 3714 3842 3970
Case #14: 2 152 302 452 602 752 902 1052 1202 1352 1502 1652 1802 1952 2102 2252 2402 2552 2702 2852 3002 3152 3302 3452 3602 3752 3902 4052 4202 4352 4502 4652 4802 4952 5102 5252 5402
Case #15: 2 194 386 578 770 962 1154 1346 1538 1730 1922 2114 2306 2498 2690 2882 3074 3266 3458 3650 3842 4034 4226 4418 4610 4802 4994 5186 5378 5570 5762 5954 6146 6338 6530 6722 6914 7106 7298 7490 7682 7874 8066 8258 8450 8642 8834 9026
Case #16: 2 106 210 314 418 522 626 730 834 938 1042 1146 1250 1354 1458 1562 1666 1770 1874 1978 2082 2186 2290 2394 2498 2602
Case #17: 2 26 50 74 98 122
Case #18: 1 2 3 4
Case #19: 2 192 382 572 762 952 1142 1332 1522 1712 1902 2092 2282 2472 2662 2852 3042 3232 3422 3612 3802 3992 4182 4372 4562 4752 4942 5132 5322 5512 5702 5892 6082 6272 6462 6652 6842 7032 7222 7412 7602 7792 7982 8172 8362 8552 8742
Case #20: 2 102 202 302 402 502 602 702 802 902 1002 1102 1202 1302 1402 1502 1602 1702 1802 1902 2002 2102 2202 2302 2402
Case #21: 2 130 258 386 514 642 770 898 1026 1154 1282 1410 1538 1666 1794 1922 2050 2178 2306 2434 2562 2690 2818 2946 3074 3202 3330 3458 3586 3714 3842 3970
Case #22: 1 2 3 4 5 6 7 8 9 10 11 12 13 14 15 16 17 18 19 20 21 22 23 24 25 26 27 28 29 30 31 32 33 34 35 36 37
Case #23: 1 2 3 4 5 6 7 8 9 10 11 12 13 14 15 16 17 18 19 20 21 22 23 24 25 26 27 28 29 30 31 32 33 34 35 36 37 38 39 40 41 42 43 44 45 46 47 48 49 50 51 52 53 54 55 56
Case #24: 2 16 30
Case #25: 2 204 406 608 810 1012 1214 1416 1618 1820 2022 2224 2426 2628 2830 3032 3234 3436 3638 3840 4042 4244 4446 4648 4850 5052 5254 5456 5658 5860 6062 6264 6466 6668 6870 7072 7274 7476 7678 7880 8082 8284 8486 8688 8890 9092 9294 9496 9698 9900
Case #26: 2 98 194 290 386 482 578 674 770 866 962 1058 1154 1250 1346 1442 1538 1634 1730 1826 1922 2018 2114 2210
Case #27: 2 192 382 572 762 952 1142 1332 1522 1712 1902 2092 2282 2472 2662 2852 3042 3232 3422 3612 3802 3992 4182 4372 4562 4752 4942 5132 5322 5512 5702 5892 6082 6272 6462 6652 6842 7032 7222 7412 7602 7792 7982 8172 8362 8552 8742
Case #28: 1
Case #29: 2 12
Case #30: 2 60 118 176 234 292 350 408 466 524 582 640 698 756
Case #31: 2 44 86 128 170 212 254 296 338 380
Case #32: 1
Case #33: 2 38 74 110 146 182 218 254 290
Case #34: 2 10
Case #35: 2
Case #36: 2 164 326 488 650 812 974 1136 1298 1460 1622 1784 1946 2108 2270 2432 2594 2756 2918 3080 3242 3404 3566 3728 3890 4052 4214 4376 4538 4700 4862 5024 5186 5348 5510 5672 5834 5996 6158 6320
Case #37: 2 140 278 416 554 692 830 968 1106 1244 1382 1520 1658 1796 1934 2072 2210 2348 2486 2624 2762 2900 3038 3176 3314 3452 3590 3728 3866 4004 4142 4280 4418 4556
Case #38: 2 12
Case #39: 1 2 3 4 5 6 7 8
Case #40: 2 140 278 416 554 692 830 968 1106 1244 1382 1520 1658 1796 1934 2072 2210 2348 2486 2624 2762 2900 3038 3176 3314 3452 3590 3728 3866 4004 4142 4280 4418 4556
Case #41: 2 24 46 68 90
Case #42: 2 94 186 278 370 462 554 646 738 830 922 1014 1106 1198 1290 1382 1474 1566 1658 1750 1842 1934 2026
Case #43: 1
Case #44: 1
Case #45: 2 182 362 542 722 902 1082 1262 1442 1622 1802 1982 2162 2342 2522 2702 2882 3062 3242 3422 3602 3782 3962 4142 4322 4502 4682 4862 5042 5222 5402 5582 5762 5942 6122 6302 6482 6662 6842 7022 7202 7382 7562 7742 7922
Case #46: 2 204 406 608 810 1012 1214 1416 1618 1820 2022 2224 2426 2628 2830 3032 3234 3436 3638 3840 4042 4244 4446 4648 4850 5052 5254 5456 5658 5860 6062 6264 6466 6668 6870 7072 7274 7476 7678 7880 8082 8284 8486 8688 8890 9092 9294 9496 9698 9900
Case #47: 2 32 62 92 122 152 182
Case #48: 2
Case #49: 2 62 122 182 242 302 362 422 482 542 602 662 722 782 841
Case #50: 2 14 26
Case #51: 2 10
Case #52: 2 104 206 308 410 512 614 716 818 920 1022 1124 1226 1328 1430 1532 1634 1736 1838 1940 2042 2144 2246 2348 2450
Case #53: 1 2 3 4 5 6 7 8 9 10 11 12 13 14 15 16 17 18 19 20 21 22 23 24 25 26 27 28 29 30 31 32 33 34 35 36 37 38 39 40 41 42 43 44 45 46 47 48 49 50 51 52 53 54 55 56 57 58 59 60 61 62 63 64 65 66 67 68
Case #54: 2 178 354 530 706 882 1058 1234 1410 1586 1762 1938 2114 2290 2466 2642 2818 2994 3170 3346 3522 3698 3874 4050 4226 4402 4578 4754 4930 5106 5282 5458 5634 5810 5986 6162 6338 6514 6690 6866 7042 7218 7394 7570
Case #55: 2 58 114 170 226 282 338 394 450 506 562 618 674 730
Case #56: 1 2 3
Case #57: 2 204 406 608 810 1012 1214 1416 1618 1820 2022 2224 2426 2628 2830 3032 3234 3436 3638 3840 4042 4244 4446 4648 4850 5052 5254 5456 5658 5860 6062 6264 6466 6668 6870 7072 7274 7476 7678 7880 8082 8284 8486 8688 8890 9092 9294 9496 9698 9900
Case #58: 2
Case #59: 2 90 178 266 354 442 530 618 706 794 882 970 1058 1146 1234 1322 1410 1498 1586 1674 1762 1850
Case #60: 2 96 190 284 378 472 566 660 754 848 942 1036 1130 1224 1318 1412 1506 1600 1694 1788 1882 1976 2070
Case #61: 2 22 42 62 81
Case #62: 2 48 94 140 186 232 278 324 370 416 462
Case #63: 2 10
Case #64: 1
Case #65: 2 198 394 590 786 982 1178 1374 1570 1766 1962 2158 2354 2550 2746 2942 3138 3334 3530 3726 3922 4118 4314 4510 4706 4902 5098 5294 5490 5686 5882 6078 6274 6470 6666 6862 7058 7254 7450 7646 7842 8038 8234 8430 8626 8822 9018 9214 9410
Case #66: 1
Case #67: 2 30 58 86 114 142 170
Case #68: 2 42 82 122 162 202 242 282 322 362
Case #69: 2 12
Case #70: 1
Case #71: 1 2 3 4 5 6 7 8 9 10 11 12 13 14 15 16 17 18 19 20 21 22 23 24 25 26 27 28 29 30 31 32 33
Case #72: 1 2 3 4 5 6 7 8 9 10 11 12 13 14 15 16 17 18 19 20 21 22 23 24 25 26 27 28 29 30 31 32 33 34 35 36 37 38 39 40 41 42 43 44 45 46 47 48 49 50 51 52 53 54 55 56 57 58 59 60 61 62 63 64 65 66 67 68 69 70 71 72 73 74 75 76 77 78 79 80 81 82 83 84 85 86 87 88 89 90 91 92 93 94 95 96 97 98 99 100
Case #73: 2 24 46 68 90
Case #74: 2 80 158 236 314 392 470 548 626 704 782 860 938 1016 1094 1172 1250 1328 1406
Case #75: 2 188 374 560 746 932 1118 1304 1490 1676 1862 2048 2234 2420 2606 2792 2978 3164 3350 3536 3722 3908 4094 4280 4466 4652 4838 5024 5210 5396 5582 5768 5954 6140 6326 6512 6698 6884 7070 7256 7442 7628 7814 8000 8186 8372
Case #76: 2 64 126 188 250 312 374 436 498 560 622 684 746 808 870
Case #77: 2 134 266 398 530 662 794 926 1058 1190 1322 1454 1586 1718 1850 1982 2114 2246 2378 2510 2642 2774 2906 3038 3170 3302 3434 3566 3698 3830 3962 4094 4225
Case #78: 2 80 158 236 314 392 470 548 626 704 782 860 938 1016 1094 1172 1250 1328 1406
Case #79: 1
Case #80: 2 10
Case #81: 2 60 118 176 234 292 350 408 466 524 582 640 698 756
Case #82: 2 160 318 476 634 792 950 1108 1266 1424 1582 1740 1898 2056 2214 2372 2530 2688 2846 3004 3162 3320 3478 3636 3794 3952 4110 4268 4426 4584 4742 4900 5058 5216 5374 5532 5690 5848 6006
Case #83: 2 102 202 302 402 502 602 702 802 902 1002 1102 1202 1302 1402 1502 1602 1702 1802 1902 2002 2102 2202 2302 2402
Case #84: 2 116 230 344 458 572 686 800 914 1028 1142 1256 1370 1484 1598 1712 1826 1940 2054 2168 2282 2396 2510 2624 2738 2852 2966 3080
Case #85: 2 90 178 266 354 442 530 618 706 794 882 970 1058 1146 1234 1322 1410 1498 1586 1674 1762 1850
Case #86: 2 106 210 314 418 522 626 730 834 938 1042 1146 1250 1354 1458 1562 1666 1770 1874 1978 2082 2186 2290 2394 2498 2602
Case #87: 2 64 126 188 250 312 374 436 498 560 622 684 746 808 870
Case #88: 2 38 74 110 146 182 218 254 290
Case #89: 2 94 186 278 370 462 554 646 738 830 922 1014 1106 1198 1290 1382 1474 1566 1658 1750 1842 1934 2025
Case #90: 1 2 3 4 5 6 7 8 9 10 11 12 13 14 15 16 17 18 19 20 21 22 23 24 25 26
Case #91: 2 194 386 578 770 962 1154 1346 1538 1730 1922 2114 2306 2498 2690 2882 3074 3266 3458 3650 3842 4034 4226 4418 4610 4802 4994 5186 5378 5570 5762 5954 6146 6338 6530 6722 6914 7106 7298 7490 7682 7874 8066 8258 8450 8642 8834 9026
Case #92: 1 2 3 4 5 6 7 8 9 10 11 12 13 14 15 16 17 18 19 20 21 22 23 24 25 26 27 28 29 30 31 32 33 34 35 36 37 38 39 40 41 42 43 44 45 46 47 48 49 50 51 52 53 54 55 56 57 58 59 60 61 62 63 64 65 66 67 68 69 70 71 72 73 74 75 76 77 78 79 80 81 82 83 84 85 86 87
Case #93: 2 204 406 608 810 1012 1214 1416 1618 1820 2022 2224 2426 2628 2830 3032 3234 3436 3638 3840 4042 4244 4446 4648 4850 5052 5254 5456 5658 5860 6062 6264 6466 6668 6870 7072 7274 7476 7678 7880 8082 8284 8486 8688 8890 9092 9294 9496 9698 9900
Case #94: 2 28 54 80 106 132
Case #95: 1 2 3 4 5 6 7 8 9 10 11 12 13 14 15 16 17 18 19 20
Case #96: 1
Case #97: 2 108 214 320 426 532 638 744 850 956 1062 1168 1274 1380 1486 1592 1698 1804 1910 2016 2122 2228 2334 2440 2546 2652
Case #98: 2
Case #99: 2 150 298 446 594 742 890 1038 1186 1334 1482 1630 1778 1926 2074 2222 2370 2518 2666 2814 2962 3110 3258 3406 3554 3702 3850 3998 4146 4294 4442 4590 4738 4886 5034 5182 5330
Case #100: 2 10